0 info it worked if it ends with ok
1 verbose cli [ '/Users/hello/.nvm/v6.3.0/bin/node',
1 verbose cli   '/Users/hello/.nvm/v6.3.0/bin/npm',
1 verbose cli   'run',
1 verbose cli   'test' ]
2 info using npm@3.10.3
3 info using node@v6.3.0
4 verbose run-script [ 'pretest', 'test', 'posttest' ]
5 info lifecycle 5-day-weather-app@1.0.0~pretest: 5-day-weather-app@1.0.0
6 silly lifecycle 5-day-weather-app@1.0.0~pretest: no script for pretest, continuing
7 info lifecycle 5-day-weather-app@1.0.0~test: 5-day-weather-app@1.0.0
8 verbose lifecycle 5-day-weather-app@1.0.0~test: unsafe-perm in lifecycle true
9 verbose lifecycle 5-day-weather-app@1.0.0~test: PATH: /Users/hello/.nvm/v6.3.0/lib/node_modules/npm/bin/node-gyp-bin:/Users/hello/MediaFire/dev/weatherApp/node_modules/.bin:/Users/hello/.nvm/v6.3.0/bin:/opt/local/bin:/opt/local/sbin:/Users/hello/.nvm/v6.3.0/bin:/opt/local/bin:/opt/local/sbin:/Library/Frameworks/Python.framework/Versions/2.7/bin:/usr/local/bin:/usr/bin:/bin:/usr/sbin:/sbin:/usr/local/mongodb/bin:/Library/Java/JavaVirtualMachines/jdk1.8.0_05.jdk/Contents/Home/bin:/usr/local/bin:/usr/local/git:/Users/hello/PredictionIO/bin
10 verbose lifecycle 5-day-weather-app@1.0.0~test: CWD: /Users/hello/MediaFire/dev/weatherApp
11 silly lifecycle 5-day-weather-app@1.0.0~test: Args: [ '-c',
11 silly lifecycle   'mocha --compilers js:babel-core/register --require ./test/test_helper.js --recursive ./test' ]
12 silly lifecycle 5-day-weather-app@1.0.0~test: Returned: code: 1  signal: null
13 info lifecycle 5-day-weather-app@1.0.0~test: Failed to exec test script
14 verbose stack Error: 5-day-weather-app@1.0.0 test: `mocha --compilers js:babel-core/register --require ./test/test_helper.js --recursive ./test`
14 verbose stack Exit status 1
14 verbose stack     at EventEmitter.<anonymous> (/Users/hello/.nvm/v6.3.0/lib/node_modules/npm/lib/utils/lifecycle.js:242:16)
14 verbose stack     at emitTwo (events.js:106:13)
14 verbose stack     at EventEmitter.emit (events.js:191:7)
14 verbose stack     at ChildProcess.<anonymous> (/Users/hello/.nvm/v6.3.0/lib/node_modules/npm/lib/utils/spawn.js:40:14)
14 verbose stack     at emitTwo (events.js:106:13)
14 verbose stack     at ChildProcess.emit (events.js:191:7)
14 verbose stack     at maybeClose (internal/child_process.js:852:16)
14 verbose stack     at Process.ChildProcess._handle.onexit (internal/child_process.js:215:5)
15 verbose pkgid 5-day-weather-app@1.0.0
16 verbose cwd /Users/hello/MediaFire/dev/weatherApp
17 error Darwin 15.5.0
18 error argv "/Users/hello/.nvm/v6.3.0/bin/node" "/Users/hello/.nvm/v6.3.0/bin/npm" "run" "test"
19 error node v6.3.0
20 error npm  v3.10.3
21 error code ELIFECYCLE
22 error 5-day-weather-app@1.0.0 test: `mocha --compilers js:babel-core/register --require ./test/test_helper.js --recursive ./test`
22 error Exit status 1
23 error Failed at the 5-day-weather-app@1.0.0 test script 'mocha --compilers js:babel-core/register --require ./test/test_helper.js --recursive ./test'.
23 error Make sure you have the latest version of node.js and npm installed.
23 error If you do, this is most likely a problem with the 5-day-weather-app package,
23 error not with npm itself.
23 error Tell the author that this fails on your system:
23 error     mocha --compilers js:babel-core/register --require ./test/test_helper.js --recursive ./test
23 error You can get information on how to open an issue for this project with:
23 error     npm bugs 5-day-weather-app
23 error Or if that isn't available, you can get their info via:
23 error     npm owner ls 5-day-weather-app
23 error There is likely additional logging output above.
24 verbose exit [ 1, true ]
